# JRE version: Java(TM) SE Runtime Environment (21.0.2+13) (build 21.0.2+13-LTS-58)
# Java VM: Java HotSpot(TM) 64-Bit Server VM (21.0.2+13-LTS-58, mixed mode, sharing, tiered, compressed oops, compressed class ptrs, g1 gc, windows-amd64)
GC Precious Log:
 CardTable entry size: 512
 Card Set container configuration: InlinePtr #cards 5 size 8 Array Of Cards #cards 12 size 40 Howl #buckets 4 coarsen threshold 1843 Howl Bitmap #cards 512 size 80 coarsen threshold 460 Card regions per heap region 1 cards per card region 2048
 CPUs: 20 total, 20 available
 Memory: 16084M
 Large Page Support: Disabled
 NUMA Support: Disabled
 Compressed Oops: Enabled (32-bit)
 Heap Region Size: 1M
 Heap Min Capacity: 8M
 Heap Initial Capacity: 252M
 Heap Max Capacity: 512M
 Pre-touch: Disabled
 Parallel Workers: 15
 Concurrent Workers: 4
 Concurrent Refinement Workers: 15
 Periodic GC: Disabled
Heap:
 garbage-first heap   total 116736K, used 96542K [0x00000000e0000000, 0x0000000100000000)
  region size 1024K, 67 young (68608K), 8 survivors (8192K)
 Metaspace       used 48903K, committed 50560K, reserved 1114112K
  class space    used 6994K, committed 7808K, reserved 1048576K
GC Heap History (16 events):
Event: 0.397 GC heap before
{Heap before GC invocations=0 (full 0):
 garbage-first heap   total 258048K, used 22528K [0x00000000e0000000, 0x0000000100000000)
  region size 1024K, 23 young (23552K), 0 survivors (0K)
 Metaspace       used 1097K, committed 1216K, reserved 1114112K
  class space    used 77K, committed 128K, reserved 1048576K
}
Event: 0.400 GC heap after
{Heap after GC invocations=1 (full 0):
 garbage-first heap   total 258048K, used 4136K [0x00000000e0000000, 0x0000000100000000)
  region size 1024K, 3 young (3072K), 3 survivors (3072K)
 Metaspace       used 1097K, committed 1216K, reserved 1114112K
  class space    used 77K, committed 128K, reserved 1048576K
}
Event: 2.175 GC heap before
{Heap before GC invocations=1 (full 0):
 garbage-first heap   total 258048K, used 39976K [0x00000000e0000000, 0x0000000100000000)
  region size 1024K, 35 young (35840K), 3 survivors (3072K)
 Metaspace       used 4463K, committed 4672K, reserved 1114112K
  class space    used 540K, committed 640K, reserved 1048576K
}
Event: 2.179 GC heap after
{Heap after GC invocations=2 (full 0):
 garbage-first heap   total 258048K, used 11980K [0x00000000e0000000, 0x0000000100000000)
  region size 1024K, 4 young (4096K), 4 survivors (4096K)
 Metaspace       used 4463K, committed 4672K, reserved 1114112K
  class space    used 540K, committed 640K, reserved 1048576K
}
Event: 2.820 GC heap before
{Heap before GC invocations=2 (full 0):
 garbage-first heap   total 258048K, used 60108K [0x00000000e0000000, 0x0000000100000000)
  region size 1024K, 49 young (50176K), 4 survivors (4096K)
 Metaspace       used 5682K, committed 5888K, reserved 1114112K
  class space    used 732K, committed 832K, reserved 1048576K
}
Event: 2.823 GC heap after
{Heap after GC invocations=3 (full 0):
 garbage-first heap   total 258048K, used 17572K [0x00000000e0000000, 0x0000000100000000)
  region size 1024K, 7 young (7168K), 7 survivors (7168K)
 Metaspace       used 5682K, committed 5888K, reserved 1114112K
  class space    used 732K, committed 832K, reserved 1048576K
}
Event: 4.388 GC heap before
{Heap before GC invocations=3 (full 0):
 garbage-first heap   total 258048K, used 104612K [0x00000000e0000000, 0x0000000100000000)
  region size 1024K, 93 young (95232K), 7 survivors (7168K)
 Metaspace       used 20893K, committed 21504K, reserved 1114112K
  class space    used 2989K, committed 3264K, reserved 1048576K
}
Event: 4.397 GC heap after
{Heap after GC invocations=4 (full 0):
 garbage-first heap   total 258048K, used 25181K [0x00000000e0000000, 0x0000000100000000)
  region size 1024K, 15 young (15360K), 15 survivors (15360K)
 Metaspace       used 20893K, committed 21504K, reserved 1114112K
  class space    used 2989K, committed 3264K, reserved 1048576K
}
Event: 5.404 GC heap before
{Heap before GC invocations=5 (full 0):
 garbage-first heap   total 96256K, used 94813K [0x00000000e0000000, 0x0000000100000000)
  region size 1024K, 83 young (84992K), 15 survivors (15360K)
 Metaspace       used 29806K, committed 31040K, reserved 1114112K
  class space    used 4435K, committed 5056K, reserved 1048576K
}
Event: 5.414 GC heap after
{Heap after GC invocations=6 (full 0):
 garbage-first heap   total 116736K, used 29389K [0x00000000e0000000, 0x0000000100000000)
  region size 1024K, 12 young (12288K), 12 survivors (12288K)
 Metaspace       used 29806K, committed 31040K, reserved 1114112K
  class space    used 4435K, committed 5056K, reserved 1048576K
}
Event: 5.787 GC heap before
{Heap before GC invocations=6 (full 0):
 garbage-first heap   total 116736K, used 67277K [0x00000000e0000000, 0x0000000100000000)
  region size 1024K, 51 young (52224K), 12 survivors (12288K)
 Metaspace       used 34867K, committed 36096K, reserved 1114112K
  class space    used 4946K, committed 5568K, reserved 1048576K
}
Event: 5.793 GC heap after
{Heap after GC invocations=7 (full 0):
 garbage-first heap   total 116736K, used 33719K [0x00000000e0000000, 0x0000000100000000)
  region size 1024K, 9 young (9216K), 9 survivors (9216K)
 Metaspace       used 34867K, committed 36096K, reserved 1114112K
  class space    used 4946K, committed 5568K, reserved 1048576K
}
Event: 5.875 GC heap before
{Heap before GC invocations=7 (full 0):
 garbage-first heap   total 116736K, used 34743K [0x00000000e0000000, 0x0000000100000000)
  region size 1024K, 11 young (11264K), 9 survivors (9216K)
 Metaspace       used 35197K, committed 36416K, reserved 1114112K
  class space    used 4997K, committed 5632K, reserved 1048576K
}
Event: 5.878 GC heap after
{Heap after GC invocations=8 (full 0):
 garbage-first heap   total 116736K, used 33261K [0x00000000e0000000, 0x0000000100000000)
  region size 1024K, 5 young (5120K), 5 survivors (5120K)
 Metaspace       used 35197K, committed 36416K, reserved 1114112K
  class space    used 4997K, committed 5632K, reserved 1048576K
}
Event: 8.948 GC heap before
{Heap before GC invocations=9 (full 0):
 garbage-first heap   total 116736K, used 103917K [0x00000000e0000000, 0x0000000100000000)
  region size 1024K, 68 young (69632K), 5 survivors (5120K)
 Metaspace       used 43711K, committed 45184K, reserved 1114112K
  class space    used 6173K, committed 6912K, reserved 1048576K
}
Event: 8.952 GC heap after
{Heap after GC invocations=10 (full 0):
 garbage-first heap   total 116736K, used 37150K [0x00000000e0000000, 0x0000000100000000)
  region size 1024K, 8 young (8192K), 8 survivors (8192K)
 Metaspace       used 43711K, committed 45184K, reserved 1114112K
  class space    used 6173K, committed 6912K, reserved 1048576K
}

