<?xml version="1.0" encoding="UTF-8"?>
<testsuite name="com.lankacart.userservice.service.AuthServiceTest" tests="4" skipped="0" failures="0" errors="0" timestamp="2026-03-31T14:11:17" hostname="MSI" time="1.199">
  <properties/>
  <testcase name="loginThrowsUnauthorizedWhenPasswordIsWrong()" classname="com.lankacart.userservice.service.AuthServiceTest" time="1.158"/>
  <testcase name="registerEncodesPasswordAndReturnsToken()" classname="com.lankacart.userservice.service.AuthServiceTest" time="0.022"/>
  <testcase name="registerThrowsBadRequestWhenUsernameAlreadyExists()" classname="com.lankacart.userservice.service.AuthServiceTest" time="0.004"/>
  <testcase name="loginReturnsTokenForValidCredentials()" classname="com.lankacart.userservice.service.AuthServiceTest" time="0.005"/>
  <system-out><![CDATA[]]></system-out>
  <system-err><![CDATA[WARNING: A Java agent has been loaded dynamically (C:\Users\ashen\.gradle\caches\modules-2\files-2.1\net.bytebuddy\byte-buddy-agent\1.14.19\154da3a65b4f4a909d3e5bdec55d1b2b4cbb6ce1\byte-buddy-agent-1.14.19.jar)
WARNING: If a serviceability tool is in use, please run with -XX:+EnableDynamicAgentLoading to hide this warning
WARNING: If a serviceability tool is not in use, please run with -Djdk.instrument.traceUsage for more information
WARNING: Dynamic loading of agents will be disallowed by default in a future release
]]></system-err>
</testsuite>
