<?xml version="1.0" encoding="UTF-8"?>
<testsuite name="com.lankacart.inventoryservice.controller.InventoryControllerTest" tests="4" skipped="0" failures="0" errors="0" timestamp="2026-03-31T14:11:30" hostname="MSI" time="1.023">
  <properties/>
  <testcase name="decrementStockUpdatesQuantityWhenValid()" classname="com.lankacart.inventoryservice.controller.InventoryControllerTest" time="1.004"/>
  <testcase name="decrementStockReturnsBadRequestWhenInsufficient()" classname="com.lankacart.inventoryservice.controller.InventoryControllerTest" time="0.007"/>
  <testcase name="updateInventoryReturnsNotFoundWhenIdMissing()" classname="com.lankacart.inventoryservice.controller.InventoryControllerTest" time="0.003"/>
  <testcase name="incrementStockReturnsBadRequestForInvalidQuantity()" classname="com.lankacart.inventoryservice.controller.InventoryControllerTest" time="0.004"/>
  <system-out><![CDATA[]]></system-out>
  <system-err><![CDATA[WARNING: A Java agent has been loaded dynamically (C:\Users\ashen\.gradle\caches\modules-2\files-2.1\net.bytebuddy\byte-buddy-agent\1.14.19\154da3a65b4f4a909d3e5bdec55d1b2b4cbb6ce1\byte-buddy-agent-1.14.19.jar)
WARNING: If a serviceability tool is in use, please run with -XX:+EnableDynamicAgentLoading to hide this warning
WARNING: If a serviceability tool is not in use, please run with -Djdk.instrument.traceUsage for more information
WARNING: Dynamic loading of agents will be disallowed by default in a future release
]]></system-err>
</testsuite>
