<?xml version="1.0" encoding="UTF-8"?>
<testsuite name="com.lankacart.orderservice.service.OrderBusinessServiceTest" tests="4" skipped="0" failures="0" errors="0" timestamp="2026-03-31T14:11:26" hostname="MSI" time="1.432">
  <properties/>
  <testcase name="createOrderFailsWhenAuthorizationHeaderMissing()" classname="com.lankacart.orderservice.service.OrderBusinessServiceTest" time="1.329"/>
  <testcase name="createOrderSucceedsWhenDependenciesAreValid()" classname="com.lankacart.orderservice.service.OrderBusinessServiceTest" time="0.069"/>
  <testcase name="createOrderFailsWhenUserDoesNotExist()" classname="com.lankacart.orderservice.service.OrderBusinessServiceTest" time="0.016"/>
  <testcase name="createOrderRollsBackInventoryWhenSaveFails()" classname="com.lankacart.orderservice.service.OrderBusinessServiceTest" time="0.011"/>
  <system-out><![CDATA[]]></system-out>
  <system-err><![CDATA[WARNING: A Java agent has been loaded dynamically (C:\Users\ashen\.gradle\caches\modules-2\files-2.1\net.bytebuddy\byte-buddy-agent\1.14.19\154da3a65b4f4a909d3e5bdec55d1b2b4cbb6ce1\byte-buddy-agent-1.14.19.jar)
WARNING: If a serviceability tool is in use, please run with -XX:+EnableDynamicAgentLoading to hide this warning
WARNING: If a serviceability tool is not in use, please run with -Djdk.instrument.traceUsage for more information
WARNING: Dynamic loading of agents will be disallowed by default in a future release
]]></system-err>
</testsuite>
